<?xml version="1.0" encoding="UTF-8"?>
<!-- Generated by org.testng.reporters.JUnitXMLReporter -->
<testsuite ignored="0" hostname="chintu" failures="0" tests="1" name="Surefire test" time="0.067" errors="0" timestamp="2023-04-04T13:34:37 IST">
  <testcase classname="org.example.AppTest" name="@BeforeClass setupdrive" time="-1.680595477193E9">
    <failure type="org.testng.TestNGException" message="
Parameter &amp;apos;browser&amp;apos; is required by BeforeClass on method setupdrive but has not been marked @Optional or defined
">
      <![CDATA[org.testng.TestNGException: 
Parameter 'browser' is required by BeforeClass on method setupdrive but has not been marked @Optional or defined

at java.base/java.util.ArrayList.forEach(ArrayList.java:1511)
... Removed 27 stack frames]]>
    </failure>
  </testcase> <!-- @BeforeClass setupdrive -->
  <testcase classname="org.example.AppTest" name="@AfterClass driveclose" time="0.0">
    <skipped/>
  </testcase> <!-- @AfterClass driveclose -->
  <testcase classname="org.example.AppTest" name="getitemfrompage" time="0.0">
    <skipped/>
  </testcase> <!-- getitemfrompage -->
</testsuite> <!-- Surefire test -->
