-------------------------------------------------------------------------------
Test set: org.example.AppTest
-------------------------------------------------------------------------------
Tests run: 3, Failures: 1, Errors: 0, Skipped: 2, Time elapsed: 0.642 s <<< FAILURE! - in org.example.AppTest
setupdrive(org.example.AppTest)  Time elapsed: 0.459 s  <<< FAILURE!
org.testng.TestNGException: 

Parameter 'browser' is required by BeforeClass on method setupdrive but has not been marked @Optional or defined


